c:\users\d\source\repos\elusifer\elusifer\x64\release\elusifer.pch
c:\users\d\source\repos\elusifer\elusifer\x64\release\vc142.pdb
c:\users\d\source\repos\elusifer\elusifer\x64\release\pch.obj
c:\users\d\source\repos\elusifer\elusifer\x64\release\calls.obj
c:\users\d\source\repos\elusifer\elusifer\x64\release\elusifer.obj
c:\users\d\source\repos\elusifer\x64\release\elusifer.ipdb
c:\users\d\source\repos\elusifer\x64\release\elusifer.iobj
c:\users\d\source\repos\elusifer\elusifer\x64\release\elusifer.res
c:\users\d\source\repos\elusifer\x64\release\elusifer.pdb
c:\users\d\source\repos\elusifer\elusifer\x64\release\elusifer.tlog\cl.command.1.tlog
c:\users\d\source\repos\elusifer\elusifer\x64\release\elusifer.tlog\cl.read.1.tlog
c:\users\d\source\repos\elusifer\elusifer\x64\release\elusifer.tlog\cl.write.1.tlog
c:\users\d\source\repos\elusifer\elusifer\x64\release\elusifer.tlog\elusifer.write.1u.tlog
c:\users\d\source\repos\elusifer\elusifer\x64\release\elusifer.tlog\link.command.1.tlog
c:\users\d\source\repos\elusifer\elusifer\x64\release\elusifer.tlog\link.read.1.tlog
c:\users\d\source\repos\elusifer\elusifer\x64\release\elusifer.tlog\link.write.1.tlog
c:\users\d\source\repos\elusifer\elusifer\x64\release\elusifer.tlog\masm.read.1u.tlog
c:\users\d\source\repos\elusifer\elusifer\x64\release\elusifer.tlog\masm.write.1u.tlog
c:\users\d\source\repos\elusifer\elusifer\x64\release\elusifer.tlog\rc.command.1.tlog
c:\users\d\source\repos\elusifer\elusifer\x64\release\elusifer.tlog\rc.read.1.tlog
c:\users\d\source\repos\elusifer\elusifer\x64\release\elusifer.tlog\rc.write.1.tlog
