c:\users\d\source\repos\elusifer\elusifer\x64\debug\elusifer.pch
c:\users\d\source\repos\elusifer\elusifer\x64\debug\vc142.pdb
c:\users\d\source\repos\elusifer\elusifer\x64\debug\vc142.idb
c:\users\d\source\repos\elusifer\elusifer\x64\debug\pch.obj
c:\users\d\source\repos\elusifer\elusifer\x64\debug\calls.obj
c:\users\d\source\repos\elusifer\elusifer\x64\debug\elusifer.obj
c:\users\d\source\repos\elusifer\x64\debug\elusifer.exe
c:\users\d\source\repos\elusifer\x64\debug\elusifer.ilk
c:\users\d\source\repos\elusifer\x64\debug\elusifer.pdb
c:\users\d\source\repos\elusifer\elusifer\x64\debug\elusifer.res
c:\users\d\source\repos\elusifer\elusifer\x64\debug\elusifer.tlog\cl.command.1.tlog
c:\users\d\source\repos\elusifer\elusifer\x64\debug\elusifer.tlog\cl.read.1.tlog
c:\users\d\source\repos\elusifer\elusifer\x64\debug\elusifer.tlog\cl.write.1.tlog
c:\users\d\source\repos\elusifer\elusifer\x64\debug\elusifer.tlog\link.command.1.tlog
c:\users\d\source\repos\elusifer\elusifer\x64\debug\elusifer.tlog\link.read.1.tlog
c:\users\d\source\repos\elusifer\elusifer\x64\debug\elusifer.tlog\link.write.1.tlog
c:\users\d\source\repos\elusifer\elusifer\x64\debug\elusifer.tlog\masm.read.1u.tlog
c:\users\d\source\repos\elusifer\elusifer\x64\debug\elusifer.tlog\masm.write.1u.tlog
c:\users\d\source\repos\elusifer\elusifer\x64\debug\elusifer.tlog\rc.command.1.tlog
c:\users\d\source\repos\elusifer\elusifer\x64\debug\elusifer.tlog\rc.read.1.tlog
c:\users\d\source\repos\elusifer\elusifer\x64\debug\elusifer.tlog\rc.write.1.tlog
